<?xml version="1.0" encoding="UTF-8" ?>
<testsuite errors="7" failures="0" hostname="yingzhi-quan" name="com.quanlei.test.OneToManyTest" tests="7" time="0.346" timestamp="2011-11-10T09:39:35">
  <properties>
[...]
</properties>
  <testcase classname="com.quanlei.test.OneToManyTest" name="save" time="0.178">
    <error message="org/apache/log4j/Level" type="java.lang.NoClassDefFoundError">java.lang.NoClassDefFoundError: org/apache/log4j/Level
	at org.slf4j.LoggerFactory.bind(LoggerFactory.java:121)
	at org.slf4j.LoggerFactory.performInitialization(LoggerFactory.java:111)
	at org.slf4j.LoggerFactory.getILoggerFactory(LoggerFactory.java:268)
	at org.slf4j.LoggerFactory.getLogger(LoggerFactory.java:241)
	at org.slf4j.LoggerFactory.getLogger(LoggerFactory.java:254)
	at org.hibernate.cfg.Configuration.&lt;clinit&gt;(Configuration.java:165)
	at org.hibernate.ejb.Ejb3Configuration.&lt;clinit&gt;(Ejb3Configuration.java:128)
	at org.hibernate.ejb.HibernatePersistence.createEntityManagerFactory(HibernatePersistence.java:54)
	at javax.persistence.Persistence.createEntityManagerFactory(Persistence.java:48)
	at javax.persistence.Persistence.createEntityManagerFactory(Persistence.java:32)
	at com.quanlei.test.OneToManyTest.save(OneToManyTest.java:19)
Caused by: java.lang.ClassNotFoundException: org.apache.log4j.Level
	at java.net.URLClassLoader$1.run(URLClassLoader.java:202)
	at java.security.AccessController.doPrivileged(Native Method)
	at java.net.URLClassLoader.findClass(URLClassLoader.java:190)
	at java.lang.ClassLoader.loadClass(ClassLoader.java:306)
	at sun.misc.Launcher$AppClassLoader.loadClass(Launcher.java:301)
	at java.lang.ClassLoader.loadClass(ClassLoader.java:247)
</error>
  </testcase>
  <testcase classname="com.quanlei.test.OneToManyTest" name="getOrder" time="0.0030">
    <error message="Could not initialize class org.hibernate.ejb.Ejb3Configuration" type="java.lang.NoClassDefFoundError">java.lang.NoClassDefFoundError: Could not initialize class org.hibernate.ejb.Ejb3Configuration
	at org.hibernate.ejb.HibernatePersistence.createEntityManagerFactory(HibernatePersistence.java:54)
	at javax.persistence.Persistence.createEntityManagerFactory(Persistence.java:48)
	at javax.persistence.Persistence.createEntityManagerFactory(Persistence.java:32)
	at com.quanlei.test.OneToManyTest.getOrder(OneToManyTest.java:40)
</error>
  </testcase>
  <testcase classname="com.quanlei.test.OneToManyTest" name="getOrderItemsByOrder" time="0.066">
    <error message="Could not initialize class org.hibernate.ejb.Ejb3Configuration" type="java.lang.NoClassDefFoundError">java.lang.NoClassDefFoundError: Could not initialize class org.hibernate.ejb.Ejb3Configuration
	at org.hibernate.ejb.HibernatePersistence.createEntityManagerFactory(HibernatePersistence.java:54)
	at javax.persistence.Persistence.createEntityManagerFactory(Persistence.java:48)
	at javax.persistence.Persistence.createEntityManagerFactory(Persistence.java:32)
	at com.quanlei.test.OneToManyTest.getOrderItemsByOrder(OneToManyTest.java:53)
</error>
  </testcase>
  <testcase classname="com.quanlei.test.OneToManyTest" name="getOrderItems" time="0.0030">
    <error message="Could not initialize class org.hibernate.ejb.Ejb3Configuration" type="java.lang.NoClassDefFoundError">java.lang.NoClassDefFoundError: Could not initialize class org.hibernate.ejb.Ejb3Configuration
	at org.hibernate.ejb.HibernatePersistence.createEntityManagerFactory(HibernatePersistence.java:54)
	at javax.persistence.Persistence.createEntityManagerFactory(Persistence.java:48)
	at javax.persistence.Persistence.createEntityManagerFactory(Persistence.java:32)
	at com.quanlei.test.OneToManyTest.getOrderItems(OneToManyTest.java:67)
</error>
  </testcase>
  <testcase classname="com.quanlei.test.OneToManyTest" name="updateOrder" time="0.016">
    <error message="Could not initialize class org.hibernate.ejb.Ejb3Configuration" type="java.lang.NoClassDefFoundError">java.lang.NoClassDefFoundError: Could not initialize class org.hibernate.ejb.Ejb3Configuration
	at org.hibernate.ejb.HibernatePersistence.createEntityManagerFactory(HibernatePersistence.java:54)
	at javax.persistence.Persistence.createEntityManagerFactory(Persistence.java:48)
	at javax.persistence.Persistence.createEntityManagerFactory(Persistence.java:32)
	at com.quanlei.test.OneToManyTest.updateOrder(OneToManyTest.java:80)
</error>
  </testcase>
  <testcase classname="com.quanlei.test.OneToManyTest" name="updateOrderCascade" time="0.0020">
    <error message="Could not initialize class org.hibernate.ejb.Ejb3Configuration" type="java.lang.NoClassDefFoundError">java.lang.NoClassDefFoundError: Could not initialize class org.hibernate.ejb.Ejb3Configuration
	at org.hibernate.ejb.HibernatePersistence.createEntityManagerFactory(HibernatePersistence.java:54)
	at javax.persistence.Persistence.createEntityManagerFactory(Persistence.java:48)
	at javax.persistence.Persistence.createEntityManagerFactory(Persistence.java:32)
	at com.quanlei.test.OneToManyTest.updateOrderCascade(OneToManyTest.java:93)
</error>
  </testcase>
  <testcase classname="com.quanlei.test.OneToManyTest" name="deleteOrder" time="0.0020">
    <error message="Could not initialize class org.hibernate.ejb.Ejb3Configuration" type="java.lang.NoClassDefFoundError">java.lang.NoClassDefFoundError: Could not initialize class org.hibernate.ejb.Ejb3Configuration
	at org.hibernate.ejb.HibernatePersistence.createEntityManagerFactory(HibernatePersistence.java:54)
	at javax.persistence.Persistence.createEntityManagerFactory(Persistence.java:48)
	at javax.persistence.Persistence.createEntityManagerFactory(Persistence.java:32)
	at com.quanlei.test.OneToManyTest.deleteOrder(OneToManyTest.java:109)
</error>
  </testcase>
  <system-out><![CDATA[]]></system-out>
  <system-err><![CDATA[Failed to instantiate SLF4J LoggerFactory
Reported exception:
java.lang.NoClassDefFoundError: org/apache/log4j/Level
	at org.slf4j.LoggerFactory.bind(LoggerFactory.java:121)
	at org.slf4j.LoggerFactory.performInitialization(LoggerFactory.java:111)
	at org.slf4j.LoggerFactory.getILoggerFactory(LoggerFactory.java:268)
	at org.slf4j.LoggerFactory.getLogger(LoggerFactory.java:241)
	at org.slf4j.LoggerFactory.getLogger(LoggerFactory.java:254)
	at org.hibernate.cfg.Configuration.<clinit>(Configuration.java:165)
	at org.hibernate.ejb.Ejb3Configuration.<clinit>(Ejb3Configuration.java:128)
	at org.hibernate.ejb.HibernatePersistence.createEntityManagerFactory(HibernatePersistence.java:54)
	at javax.persistence.Persistence.createEntityManagerFactory(Persistence.java:48)
	at javax.persistence.Persistence.createEntityManagerFactory(Persistence.java:32)
	at com.quanlei.test.OneToManyTest.save(OneToManyTest.java:19)
	at sun.reflect.NativeMethodAccessorImpl.invoke0(Native Method)
	at sun.reflect.NativeMethodAccessorImpl.invoke(NativeMethodAccessorImpl.java:39)
	at sun.reflect.DelegatingMethodAccessorImpl.invoke(DelegatingMethodAccessorImpl.java:25)
	at java.lang.reflect.Method.invoke(Method.java:597)
	at org.junit.runners.model.FrameworkMethod$1.runReflectiveCall(FrameworkMethod.java:44)
	at org.junit.internal.runners.model.ReflectiveCallable.run(ReflectiveCallable.java:15)
	at org.junit.runners.model.FrameworkMethod.invokeExplosively(FrameworkMethod.java:41)
	at org.junit.internal.runners.statements.InvokeMethod.evaluate(InvokeMethod.java:20)
	at org.junit.runners.BlockJUnit4ClassRunner.runNotIgnored(BlockJUnit4ClassRunner.java:79)
	at org.junit.runners.BlockJUnit4ClassRunner.runChild(BlockJUnit4ClassRunner.java:71)
	at org.junit.runners.BlockJUnit4ClassRunner.runChild(BlockJUnit4ClassRunner.java:49)
	at org.junit.runners.ParentRunner$3.run(ParentRunner.java:193)
	at org.junit.runners.ParentRunner$1.schedule(ParentRunner.java:52)
	at org.junit.runners.ParentRunner.runChildren(ParentRunner.java:191)
	at org.junit.runners.ParentRunner.access$000(ParentRunner.java:42)
	at org.junit.runners.ParentRunner$2.evaluate(ParentRunner.java:184)
	at org.junit.internal.runners.statements.RunBefores.evaluate(RunBefores.java:28)
	at org.junit.runners.ParentRunner.run(ParentRunner.java:236)
	at junit.framework.JUnit4TestAdapter.run(JUnit4TestAdapter.java:39)
	at org.apache.tools.ant.taskdefs.optional.junit.JUnitTestRunner.run(JUnitTestRunner.java:518)
	at org.apache.tools.ant.taskdefs.optional.junit.JUnitTestRunner.launch(JUnitTestRunner.java:1052)
	at org.apache.tools.ant.taskdefs.optional.junit.JUnitTestRunner.main(JUnitTestRunner.java:906)
Caused by: java.lang.ClassNotFoundException: org.apache.log4j.Level
	at java.net.URLClassLoader$1.run(URLClassLoader.java:202)
	at java.security.AccessController.doPrivileged(Native Method)
	at java.net.URLClassLoader.findClass(URLClassLoader.java:190)
	at java.lang.ClassLoader.loadClass(ClassLoader.java:306)
	at sun.misc.Launcher$AppClassLoader.loadClass(Launcher.java:301)
	at java.lang.ClassLoader.loadClass(ClassLoader.java:247)
	... 33 more
]]></system-err>
</testsuite>
